[ 2018-04-09T11:08:01+08:00 ] 127.0.0.1 /Public/lib/ionicons/2.2.0/css/ionicons.css
INFO: [ app_init ] --START--
INFO: Run Behavior\BuildLiteBehavior [ RunTime:0.000028s ]
INFO: [ app_init ] --END-- [ RunTime:0.000699s ]
ERR: 无法加载模块:Public

[ 2018-04-09T11:08:14+08:00 ] 127.0.0.1 /Public/lib/ionicons/2.2.0/css/ionicons.css
INFO: [ app_init ] --START--
INFO: Run Behavior\BuildLiteBehavior [ RunTime:0.000022s ]
INFO: [ app_init ] --END-- [ RunTime:0.000751s ]
ERR: 无法加载模块:Public

[ 2018-04-09T11:08:42+08:00 ] 127.0.0.1 /Public/lib/ionicons/2.2.0/css/ionicons.css
INFO: [ app_init ] --START--
INFO: Run Behavior\BuildLiteBehavior [ RunTime:0.000026s ]
INFO: [ app_init ] --END-- [ RunTime:0.001163s ]
ERR: 无法加载模块:Public

[ 2018-04-09T11:08:46+08:00 ] 127.0.0.1 /Public/lib/ionicons/2.2.0/css/ionicons.css
INFO: [ app_init ] --START--
INFO: Run Behavior\BuildLiteBehavior [ RunTime:0.000019s ]
INFO: [ app_init ] --END-- [ RunTime:0.000707s ]
ERR: 无法加载模块:Public

[ 2018-04-09T11:08:50+08:00 ] 127.0.0.1 /Public/lib/ionicons/2.2.0/css/ionicons.css
INFO: [ app_init ] --START--
INFO: Run Behavior\BuildLiteBehavior [ RunTime:0.000016s ]
INFO: [ app_init ] --END-- [ RunTime:0.000551s ]
ERR: 无法加载模块:Public

[ 2018-04-09T11:09:10+08:00 ] 127.0.0.1 /Public/lib/ionicons/2.2.0/css/ionicons.css
INFO: [ app_init ] --START--
INFO: Run Behavior\BuildLiteBehavior [ RunTime:0.000025s ]
INFO: [ app_init ] --END-- [ RunTime:0.000847s ]
ERR: 无法加载模块:Public

[ 2018-04-09T11:09:13+08:00 ] 127.0.0.1 /Public/lib/ionicons/2.2.0/css/ionicons.css
INFO: [ app_init ] --START--
INFO: Run Behavior\BuildLiteBehavior [ RunTime:0.000032s ]
INFO: [ app_init ] --END-- [ RunTime:0.001135s ]
ERR: 无法加载模块:Public

[ 2018-04-09T11:09:33+08:00 ] 127.0.0.1 /Public/lib/ionicons/2.2.0/css/ionicons.css
INFO: [ app_init ] --START--
INFO: Run Behavior\BuildLiteBehavior [ RunTime:0.000037s ]
INFO: [ app_init ] --END-- [ RunTime:0.001071s ]
ERR: 无法加载模块:Public

[ 2018-04-09T11:10:10+08:00 ] 127.0.0.1 /Public/lib/ionicons/2.2.0/css/ionicons.css
INFO: [ app_init ] --START--
INFO: Run Behavior\BuildLiteBehavior [ RunTime:0.000024s ]
INFO: [ app_init ] --END-- [ RunTime:0.000948s ]
ERR: 无法加载模块:Public

[ 2018-04-09T11:10:39+08:00 ] 127.0.0.1 /Public/lib/ionicons/2.2.0/css/ionicons.css
INFO: [ app_init ] --START--
INFO: Run Behavior\BuildLiteBehavior [ RunTime:0.000028s ]
INFO: [ app_init ] --END-- [ RunTime:0.000854s ]
ERR: 无法加载模块:Public

[ 2018-04-09T11:18:34+08:00 ] 127.0.0.1 /Public/lib/ionicons/2.2.0/css/ionicons.css
INFO: [ app_init ] --START--
INFO: Run Behavior\BuildLiteBehavior [ RunTime:0.000025s ]
INFO: [ app_init ] --END-- [ RunTime:0.001000s ]
ERR: 无法加载模块:Public

[ 2018-04-09T11:18:36+08:00 ] 127.0.0.1 /Public/lib/ionicons/2.2.0/css/ionicons.css
INFO: [ app_init ] --START--
INFO: Run Behavior\BuildLiteBehavior [ RunTime:0.000026s ]
INFO: [ app_init ] --END-- [ RunTime:0.000835s ]
ERR: 无法加载模块:Public

[ 2018-04-09T11:19:13+08:00 ] 127.0.0.1 /Public/lib/ionicons/2.2.0/css/ionicons.css
INFO: [ app_init ] --START--
INFO: Run Behavior\BuildLiteBehavior [ RunTime:0.000022s ]
INFO: [ app_init ] --END-- [ RunTime:0.000726s ]
ERR: 无法加载模块:Public

[ 2018-04-09T11:40:53+08:00 ] 127.0.0.1 /Public/lib/ionicons/2.2.0/css/ionicons.css
INFO: [ app_init ] --START--
INFO: Run Behavior\BuildLiteBehavior [ RunTime:0.000027s ]
INFO: [ app_init ] --END-- [ RunTime:0.000837s ]
ERR: 无法加载模块:Public

[ 2018-04-09T11:43:03+08:00 ] 127.0.0.1 /Public/lib/ionicons/2.2.0/css/ionicons.css
INFO: [ app_init ] --START--
INFO: Run Behavior\BuildLiteBehavior [ RunTime:0.000043s ]
INFO: [ app_init ] --END-- [ RunTime:0.000987s ]
ERR: 无法加载模块:Public

[ 2018-04-09T11:43:35+08:00 ] 127.0.0.1 /Public/lib/ionicons/2.2.0/css/ionicons.css
INFO: [ app_init ] --START--
INFO: Run Behavior\BuildLiteBehavior [ RunTime:0.000025s ]
INFO: [ app_init ] --END-- [ RunTime:0.000845s ]
ERR: 无法加载模块:Public

[ 2018-04-09T12:33:14+08:00 ] 127.0.0.1 /Public/lib/ionicons/2.2.0/css/ionicons.css
INFO: [ app_init ] --START--
INFO: Run Behavior\BuildLiteBehavior [ RunTime:0.000028s ]
INFO: [ app_init ] --END-- [ RunTime:0.003743s ]
ERR: 无法加载模块:Public

[ 2018-04-09T12:33:18+08:00 ] 127.0.0.1 /Public/lib/ionicons/2.2.0/css/ionicons.css
INFO: [ app_init ] --START--
INFO: Run Behavior\BuildLiteBehavior [ RunTime:0.000023s ]
INFO: [ app_init ] --END-- [ RunTime:0.000978s ]
ERR: 无法加载模块:Public

[ 2018-04-09T12:33:22+08:00 ] 127.0.0.1 /Public/lib/ionicons/2.2.0/css/ionicons.css
INFO: [ app_init ] --START--
INFO: Run Behavior\BuildLiteBehavior [ RunTime:0.000017s ]
INFO: [ app_init ] --END-- [ RunTime:0.000578s ]
ERR: 无法加载模块:Public

[ 2018-04-09T12:33:26+08:00 ] 127.0.0.1 /Public/lib/ionicons/2.2.0/css/ionicons.css
INFO: [ app_init ] --START--
INFO: Run Behavior\BuildLiteBehavior [ RunTime:0.000023s ]
INFO: [ app_init ] --END-- [ RunTime:0.000754s ]
ERR: 无法加载模块:Public

[ 2018-04-09T12:33:32+08:00 ] 127.0.0.1 /Public/lib/ionicons/2.2.0/css/ionicons.css
INFO: [ app_init ] --START--
INFO: Run Behavior\BuildLiteBehavior [ RunTime:0.000015s ]
INFO: [ app_init ] --END-- [ RunTime:0.000527s ]
ERR: 无法加载模块:Public

[ 2018-04-09T12:33:35+08:00 ] 127.0.0.1 /Public/lib/ionicons/2.2.0/css/ionicons.css
INFO: [ app_init ] --START--
INFO: Run Behavior\BuildLiteBehavior [ RunTime:0.000033s ]
INFO: [ app_init ] --END-- [ RunTime:0.001368s ]
ERR: 无法加载模块:Public

[ 2018-04-09T12:33:40+08:00 ] 127.0.0.1 /Public/lib/ionicons/2.2.0/css/ionicons.css
INFO: [ app_init ] --START--
INFO: Run Behavior\BuildLiteBehavior [ RunTime:0.000017s ]
INFO: [ app_init ] --END-- [ RunTime:0.000730s ]
ERR: 无法加载模块:Public

[ 2018-04-09T12:33:44+08:00 ] 127.0.0.1 /Public/lib/ionicons/2.2.0/css/ionicons.css
INFO: [ app_init ] --START--
INFO: Run Behavior\BuildLiteBehavior [ RunTime:0.000017s ]
INFO: [ app_init ] --END-- [ RunTime:0.000577s ]
ERR: 无法加载模块:Public

[ 2018-04-09T12:33:48+08:00 ] 127.0.0.1 /Public/lib/ionicons/2.2.0/css/ionicons.css
INFO: [ app_init ] --START--
INFO: Run Behavior\BuildLiteBehavior [ RunTime:0.000030s ]
INFO: [ app_init ] --END-- [ RunTime:0.002490s ]
ERR: 无法加载模块:Public

[ 2018-04-09T12:33:53+08:00 ] 127.0.0.1 /Public/lib/ionicons/2.2.0/css/ionicons.css
INFO: [ app_init ] --START--
INFO: Run Behavior\BuildLiteBehavior [ RunTime:0.000027s ]
INFO: [ app_init ] --END-- [ RunTime:0.001893s ]
ERR: 无法加载模块:Public

[ 2018-04-09T12:34:08+08:00 ] 127.0.0.1 /Public/lib/ionicons/2.2.0/css/ionicons.css
INFO: [ app_init ] --START--
INFO: Run Behavior\BuildLiteBehavior [ RunTime:0.000025s ]
INFO: [ app_init ] --END-- [ RunTime:0.000843s ]
ERR: 无法加载模块:Public

[ 2018-04-09T12:39:17+08:00 ] 127.0.0.1 /Public/lib/ionicons/2.2.0/css/ionicons.css
INFO: [ app_init ] --START--
INFO: Run Behavior\BuildLiteBehavior [ RunTime:0.000020s ]
INFO: [ app_init ] --END-- [ RunTime:0.000760s ]
ERR: 无法加载模块:Public

[ 2018-04-09T12:42:38+08:00 ] 127.0.0.1 /Public/lib/ionicons/2.2.0/css/ionicons.css
INFO: [ app_init ] --START--
INFO: Run Behavior\BuildLiteBehavior [ RunTime:0.000033s ]
INFO: [ app_init ] --END-- [ RunTime:0.001272s ]
ERR: 无法加载模块:Public

[ 2018-04-09T12:45:53+08:00 ] 127.0.0.1 /Public/lib/ionicons/2.2.0/css/ionicons.css
INFO: [ app_init ] --START--
INFO: Run Behavior\BuildLiteBehavior [ RunTime:0.000033s ]
INFO: [ app_init ] --END-- [ RunTime:0.001038s ]
ERR: 无法加载模块:Public

[ 2018-04-09T12:46:09+08:00 ] 127.0.0.1 /Public/lib/ionicons/2.2.0/css/ionicons.css
INFO: [ app_init ] --START--
INFO: Run Behavior\BuildLiteBehavior [ RunTime:0.000047s ]
INFO: [ app_init ] --END-- [ RunTime:0.002399s ]
ERR: 无法加载模块:Public

[ 2018-04-09T12:46:15+08:00 ] 127.0.0.1 /Public/lib/ionicons/2.2.0/css/ionicons.css
INFO: [ app_init ] --START--
INFO: Run Behavior\BuildLiteBehavior [ RunTime:0.000038s ]
INFO: [ app_init ] --END-- [ RunTime:0.003684s ]
ERR: 无法加载模块:Public

[ 2018-04-09T12:46:18+08:00 ] 127.0.0.1 /Public/lib/ionicons/2.2.0/css/ionicons.css
INFO: [ app_init ] --START--
INFO: Run Behavior\BuildLiteBehavior [ RunTime:0.000018s ]
INFO: [ app_init ] --END-- [ RunTime:0.000579s ]
ERR: 无法加载模块:Public

[ 2018-04-09T12:46:25+08:00 ] 127.0.0.1 /Public/lib/ionicons/2.2.0/css/ionicons.css
INFO: [ app_init ] --START--
INFO: Run Behavior\BuildLiteBehavior [ RunTime:0.000029s ]
INFO: [ app_init ] --END-- [ RunTime:0.001054s ]
ERR: 无法加载模块:Public

[ 2018-04-09T12:46:30+08:00 ] 127.0.0.1 /Public/lib/ionicons/2.2.0/css/ionicons.css
INFO: [ app_init ] --START--
INFO: Run Behavior\BuildLiteBehavior [ RunTime:0.000029s ]
INFO: [ app_init ] --END-- [ RunTime:0.001189s ]
ERR: 无法加载模块:Public

[ 2018-04-09T12:46:34+08:00 ] 127.0.0.1 /Public/lib/ionicons/2.2.0/css/ionicons.css
INFO: [ app_init ] --START--
INFO: Run Behavior\BuildLiteBehavior [ RunTime:0.000023s ]
INFO: [ app_init ] --END-- [ RunTime:0.000678s ]
ERR: 无法加载模块:Public

[ 2018-04-09T12:46:37+08:00 ] 127.0.0.1 /Public/lib/ionicons/2.2.0/css/ionicons.css
INFO: [ app_init ] --START--
INFO: Run Behavior\BuildLiteBehavior [ RunTime:0.000016s ]
INFO: [ app_init ] --END-- [ RunTime:0.000548s ]
ERR: 无法加载模块:Public

[ 2018-04-09T12:46:42+08:00 ] 127.0.0.1 /Public/lib/ionicons/2.2.0/css/ionicons.css
INFO: [ app_init ] --START--
INFO: Run Behavior\BuildLiteBehavior [ RunTime:0.000017s ]
INFO: [ app_init ] --END-- [ RunTime:0.000615s ]
ERR: 无法加载模块:Public

[ 2018-04-09T12:46:45+08:00 ] 127.0.0.1 /Public/lib/ionicons/2.2.0/css/ionicons.css
INFO: [ app_init ] --START--
INFO: Run Behavior\BuildLiteBehavior [ RunTime:0.000039s ]
INFO: [ app_init ] --END-- [ RunTime:0.000825s ]
ERR: 无法加载模块:Public

[ 2018-04-09T12:51:26+08:00 ] 127.0.0.1 /Public/lib/ionicons/2.2.0/css/ionicons.css
INFO: [ app_init ] --START--
INFO: Run Behavior\BuildLiteBehavior [ RunTime:0.000039s ]
INFO: [ app_init ] --END-- [ RunTime:0.001032s ]
ERR: 无法加载模块:Public

[ 2018-04-09T12:54:00+08:00 ] 127.0.0.1 /Public/lib/ionicons/2.2.0/css/ionicons.css
INFO: [ app_init ] --START--
INFO: Run Behavior\BuildLiteBehavior [ RunTime:0.000029s ]
INFO: [ app_init ] --END-- [ RunTime:0.027619s ]
ERR: 无法加载模块:Public

[ 2018-04-09T12:54:51+08:00 ] 127.0.0.1 /Public/lib/ionicons/2.2.0/css/ionicons.css
INFO: [ app_init ] --START--
INFO: Run Behavior\BuildLiteBehavior [ RunTime:0.000050s ]
INFO: [ app_init ] --END-- [ RunTime:0.001072s ]
ERR: 无法加载模块:Public

[ 2018-04-09T12:54:52+08:00 ] 127.0.0.1 /Public/js/admin/file/index.js
INFO: [ app_init ] --START--
INFO: Run Behavior\BuildLiteBehavior [ RunTime:0.000040s ]
INFO: [ app_init ] --END-- [ RunTime:0.000686s ]
ERR: 无法加载模块:Public

[ 2018-04-09T12:59:18+08:00 ] 127.0.0.1 /Public/lib/ionicons/2.2.0/css/ionicons.css
INFO: [ app_init ] --START--
INFO: Run Behavior\BuildLiteBehavior [ RunTime:0.000023s ]
INFO: [ app_init ] --END-- [ RunTime:0.000886s ]
ERR: 无法加载模块:Public

[ 2018-04-09T13:05:36+08:00 ] 127.0.0.1 /Public/lib/ionicons/2.2.0/css/ionicons.css
INFO: [ app_init ] --START--
INFO: Run Behavior\BuildLiteBehavior [ RunTime:0.000028s ]
INFO: [ app_init ] --END-- [ RunTime:0.001017s ]
ERR: 无法加载模块:Public

[ 2018-04-09T13:06:38+08:00 ] 127.0.0.1 /Public/lib/ionicons/2.2.0/css/ionicons.css
INFO: [ app_init ] --START--
INFO: Run Behavior\BuildLiteBehavior [ RunTime:0.000026s ]
INFO: [ app_init ] --END-- [ RunTime:0.000976s ]
ERR: 无法加载模块:Public

[ 2018-04-09T13:07:14+08:00 ] 127.0.0.1 /Public/lib/ionicons/2.2.0/css/ionicons.css
INFO: [ app_init ] --START--
INFO: Run Behavior\BuildLiteBehavior [ RunTime:0.000026s ]
INFO: [ app_init ] --END-- [ RunTime:0.000789s ]
ERR: 无法加载模块:Public

[ 2018-04-09T13:07:21+08:00 ] 127.0.0.1 /Public/lib/ionicons/2.2.0/css/ionicons.css
INFO: [ app_init ] --START--
INFO: Run Behavior\BuildLiteBehavior [ RunTime:0.000027s ]
INFO: [ app_init ] --END-- [ RunTime:0.000903s ]
ERR: 无法加载模块:Public

[ 2018-04-09T13:07:32+08:00 ] 127.0.0.1 /Public/lib/ionicons/2.2.0/css/ionicons.css
INFO: [ app_init ] --START--
INFO: Run Behavior\BuildLiteBehavior [ RunTime:0.000029s ]
INFO: [ app_init ] --END-- [ RunTime:0.000890s ]
ERR: 无法加载模块:Public

[ 2018-04-09T13:12:12+08:00 ] 127.0.0.1 /Public/lib/ionicons/2.2.0/css/ionicons.css
INFO: [ app_init ] --START--
INFO: Run Behavior\BuildLiteBehavior [ RunTime:0.000022s ]
INFO: [ app_init ] --END-- [ RunTime:0.000923s ]
ERR: 无法加载模块:Public

[ 2018-04-09T13:12:15+08:00 ] 127.0.0.1 /Public/lib/ionicons/2.2.0/css/ionicons.css
INFO: [ app_init ] --START--
INFO: Run Behavior\BuildLiteBehavior [ RunTime:0.000016s ]
INFO: [ app_init ] --END-- [ RunTime:0.000586s ]
ERR: 无法加载模块:Public

[ 2018-04-09T13:12:23+08:00 ] 127.0.0.1 /Public/lib/ionicons/2.2.0/css/ionicons.css
INFO: [ app_init ] --START--
INFO: Run Behavior\BuildLiteBehavior [ RunTime:0.000024s ]
INFO: [ app_init ] --END-- [ RunTime:0.000849s ]
ERR: 无法加载模块:Public

[ 2018-04-09T13:12:29+08:00 ] 127.0.0.1 /Public/lib/ionicons/2.2.0/css/ionicons.css
INFO: [ app_init ] --START--
INFO: Run Behavior\BuildLiteBehavior [ RunTime:0.000028s ]
INFO: [ app_init ] --END-- [ RunTime:0.001460s ]
ERR: 无法加载模块:Public

[ 2018-04-09T13:15:34+08:00 ] 127.0.0.1 /Public/lib/ionicons/2.2.0/css/ionicons.css
INFO: [ app_init ] --START--
INFO: Run Behavior\BuildLiteBehavior [ RunTime:0.000031s ]
INFO: [ app_init ] --END-- [ RunTime:0.001121s ]
ERR: 无法加载模块:Public

[ 2018-04-09T13:16:46+08:00 ] 127.0.0.1 /Public/lib/ionicons/2.2.0/css/ionicons.css
INFO: [ app_init ] --START--
INFO: Run Behavior\BuildLiteBehavior [ RunTime:0.000024s ]
INFO: [ app_init ] --END-- [ RunTime:0.000790s ]
ERR: 无法加载模块:Public

[ 2018-04-09T14:25:10+08:00 ] 127.0.0.1 /Public/lib/ionicons/2.2.0/css/ionicons.css
INFO: [ app_init ] --START--
INFO: Run Behavior\BuildLiteBehavior [ RunTime:0.000026s ]
INFO: [ app_init ] --END-- [ RunTime:0.000877s ]
ERR: 无法加载模块:Public

[ 2018-04-09T14:32:16+08:00 ] 127.0.0.1 /Public/lib/ionicons/2.2.0/css/ionicons.css
INFO: [ app_init ] --START--
INFO: Run Behavior\BuildLiteBehavior [ RunTime:0.000028s ]
INFO: [ app_init ] --END-- [ RunTime:0.001271s ]
ERR: 无法加载模块:Public

[ 2018-04-09T14:33:40+08:00 ] 127.0.0.1 /Public/lib/ionicons/2.2.0/css/ionicons.css
INFO: [ app_init ] --START--
INFO: Run Behavior\BuildLiteBehavior [ RunTime:0.000032s ]
INFO: [ app_init ] --END-- [ RunTime:0.003207s ]
ERR: 无法加载模块:Public

[ 2018-04-09T14:45:42+08:00 ] 127.0.0.1 /Public/lib/ionicons/2.2.0/css/ionicons.css
INFO: [ app_init ] --START--
INFO: Run Behavior\BuildLiteBehavior [ RunTime:0.000028s ]
INFO: [ app_init ] --END-- [ RunTime:0.001031s ]
ERR: 无法加载模块:Public

[ 2018-04-09T14:50:34+08:00 ] 127.0.0.1 /Public/lib/ionicons/2.2.0/css/ionicons.css
INFO: [ app_init ] --START--
INFO: Run Behavior\BuildLiteBehavior [ RunTime:0.000028s ]
INFO: [ app_init ] --END-- [ RunTime:0.003150s ]
ERR: 无法加载模块:Public

[ 2018-04-09T14:51:20+08:00 ] 127.0.0.1 /Public/lib/ionicons/2.2.0/css/ionicons.css
INFO: [ app_init ] --START--
INFO: Run Behavior\BuildLiteBehavior [ RunTime:0.000099s ]
INFO: [ app_init ] --END-- [ RunTime:0.004501s ]
ERR: 无法加载模块:Public

[ 2018-04-09T14:51:34+08:00 ] 127.0.0.1 /Public/lib/ionicons/2.2.0/css/ionicons.css
INFO: [ app_init ] --START--
INFO: Run Behavior\BuildLiteBehavior [ RunTime:0.000035s ]
INFO: [ app_init ] --END-- [ RunTime:0.001155s ]
ERR: 无法加载模块:Public

[ 2018-04-09T14:51:47+08:00 ] 127.0.0.1 /Public/lib/ionicons/2.2.0/css/ionicons.css
INFO: [ app_init ] --START--
INFO: Run Behavior\BuildLiteBehavior [ RunTime:0.000058s ]
INFO: [ app_init ] --END-- [ RunTime:0.000932s ]
ERR: 无法加载模块:Public

[ 2018-04-09T14:57:30+08:00 ] 127.0.0.1 /Public/lib/ionicons/2.2.0/css/ionicons.css
INFO: [ app_init ] --START--
INFO: Run Behavior\BuildLiteBehavior [ RunTime:0.000027s ]
INFO: [ app_init ] --END-- [ RunTime:0.000974s ]
ERR: 无法加载模块:Public

[ 2018-04-09T15:00:26+08:00 ] 127.0.0.1 /Public/lib/ionicons/2.2.0/css/ionicons.css
INFO: [ app_init ] --START--
INFO: Run Behavior\BuildLiteBehavior [ RunTime:0.000023s ]
INFO: [ app_init ] --END-- [ RunTime:0.000844s ]
ERR: 无法加载模块:Public

[ 2018-04-09T15:11:42+08:00 ] 127.0.0.1 /Public/lib/ionicons/2.2.0/css/ionicons.css
INFO: [ app_init ] --START--
INFO: Run Behavior\BuildLiteBehavior [ RunTime:0.000025s ]
INFO: [ app_init ] --END-- [ RunTime:0.000804s ]
ERR: 无法加载模块:Public

[ 2018-04-09T15:16:31+08:00 ] 127.0.0.1 /Public/lib/ionicons/2.2.0/css/ionicons.css
INFO: [ app_init ] --START--
INFO: Run Behavior\BuildLiteBehavior [ RunTime:0.000027s ]
INFO: [ app_init ] --END-- [ RunTime:0.000805s ]
ERR: 无法加载模块:Public

[ 2018-04-09T15:28:23+08:00 ] 127.0.0.1 /Public/lib/ionicons/2.2.0/css/ionicons.css
INFO: [ app_init ] --START--
INFO: Run Behavior\BuildLiteBehavior [ RunTime:0.000034s ]
INFO: [ app_init ] --END-- [ RunTime:0.001093s ]
ERR: 无法加载模块:Public

[ 2018-04-09T15:30:42+08:00 ] 127.0.0.1 /Public/lib/ionicons/2.2.0/css/ionicons.css
INFO: [ app_init ] --START--
INFO: Run Behavior\BuildLiteBehavior [ RunTime:0.000075s ]
INFO: [ app_init ] --END-- [ RunTime:0.001096s ]
ERR: 无法加载模块:Public

[ 2018-04-09T15:31:43+08:00 ] 127.0.0.1 /Public/lib/ionicons/2.2.0/css/ionicons.css
INFO: [ app_init ] --START--
INFO: Run Behavior\BuildLiteBehavior [ RunTime:0.000024s ]
INFO: [ app_init ] --END-- [ RunTime:0.001126s ]
ERR: 无法加载模块:Public

[ 2018-04-09T15:42:41+08:00 ] 127.0.0.1 /Public/lib/ionicons/2.2.0/css/ionicons.css
INFO: [ app_init ] --START--
INFO: Run Behavior\BuildLiteBehavior [ RunTime:0.000028s ]
INFO: [ app_init ] --END-- [ RunTime:0.001251s ]
ERR: 无法加载模块:Public

[ 2018-04-09T15:43:10+08:00 ] 127.0.0.1 /Public/lib/ionicons/2.2.0/css/ionicons.css
INFO: [ app_init ] --START--
INFO: Run Behavior\BuildLiteBehavior [ RunTime:0.000026s ]
INFO: [ app_init ] --END-- [ RunTime:0.000876s ]
ERR: 无法加载模块:Public

[ 2018-04-09T15:49:02+08:00 ] 127.0.0.1 /Public/lib/ionicons/2.2.0/css/ionicons.css
INFO: [ app_init ] --START--
INFO: Run Behavior\BuildLiteBehavior [ RunTime:0.000026s ]
INFO: [ app_init ] --END-- [ RunTime:0.004081s ]
ERR: 无法加载模块:Public

[ 2018-04-09T15:49:11+08:00 ] 127.0.0.1 /Public/lib/ionicons/2.2.0/css/ionicons.css
INFO: [ app_init ] --START--
INFO: Run Behavior\BuildLiteBehavior [ RunTime:0.000060s ]
INFO: [ app_init ] --END-- [ RunTime:0.005760s ]
ERR: 无法加载模块:Public

[ 2018-04-09T15:49:20+08:00 ] 127.0.0.1 /Public/lib/ionicons/2.2.0/css/ionicons.css
INFO: [ app_init ] --START--
INFO: Run Behavior\BuildLiteBehavior [ RunTime:0.000018s ]
INFO: [ app_init ] --END-- [ RunTime:0.000565s ]
ERR: 无法加载模块:Public

[ 2018-04-09T15:49:31+08:00 ] 127.0.0.1 /Public/lib/ionicons/2.2.0/css/ionicons.css
INFO: [ app_init ] --START--
INFO: Run Behavior\BuildLiteBehavior [ RunTime:0.000022s ]
INFO: [ app_init ] --END-- [ RunTime:0.000742s ]
ERR: 无法加载模块:Public

[ 2018-04-09T15:49:38+08:00 ] 127.0.0.1 /Public/lib/ionicons/2.2.0/css/ionicons.css
INFO: [ app_init ] --START--
INFO: Run Behavior\BuildLiteBehavior [ RunTime:0.000053s ]
INFO: [ app_init ] --END-- [ RunTime:0.002359s ]
ERR: 无法加载模块:Public

[ 2018-04-09T15:49:46+08:00 ] 127.0.0.1 /Public/lib/ionicons/2.2.0/css/ionicons.css
INFO: [ app_init ] --START--
INFO: Run Behavior\BuildLiteBehavior [ RunTime:0.000026s ]
INFO: [ app_init ] --END-- [ RunTime:0.000832s ]
ERR: 无法加载模块:Public

[ 2018-04-09T15:50:01+08:00 ] 127.0.0.1 /Public/lib/ionicons/2.2.0/css/ionicons.css
INFO: [ app_init ] --START--
INFO: Run Behavior\BuildLiteBehavior [ RunTime:0.000026s ]
INFO: [ app_init ] --END-- [ RunTime:0.001038s ]
ERR: 无法加载模块:Public

[ 2018-04-09T15:50:44+08:00 ] 127.0.0.1 /Public/lib/ionicons/2.2.0/css/ionicons.css
INFO: [ app_init ] --START--
INFO: Run Behavior\BuildLiteBehavior [ RunTime:0.000023s ]
INFO: [ app_init ] --END-- [ RunTime:0.000596s ]
ERR: 无法加载模块:Public

[ 2018-04-09T15:51:07+08:00 ] 127.0.0.1 /Public/lib/ionicons/2.2.0/css/ionicons.css
INFO: [ app_init ] --START--
INFO: Run Behavior\BuildLiteBehavior [ RunTime:0.000029s ]
INFO: [ app_init ] --END-- [ RunTime:0.001643s ]
ERR: 无法加载模块:Public

[ 2018-04-09T15:51:22+08:00 ] 127.0.0.1 /Public/lib/ionicons/2.2.0/css/ionicons.css
INFO: [ app_init ] --START--
INFO: Run Behavior\BuildLiteBehavior [ RunTime:0.000024s ]
INFO: [ app_init ] --END-- [ RunTime:0.000804s ]
ERR: 无法加载模块:Public

[ 2018-04-09T15:51:33+08:00 ] 127.0.0.1 /Public/lib/ionicons/2.2.0/css/ionicons.css
INFO: [ app_init ] --START--
INFO: Run Behavior\BuildLiteBehavior [ RunTime:0.000030s ]
INFO: [ app_init ] --END-- [ RunTime:0.002473s ]
ERR: 无法加载模块:Public

[ 2018-04-09T15:52:12+08:00 ] 127.0.0.1 /Public/lib/ionicons/2.2.0/css/ionicons.css
INFO: [ app_init ] --START--
INFO: Run Behavior\BuildLiteBehavior [ RunTime:0.000033s ]
INFO: [ app_init ] --END-- [ RunTime:0.001604s ]
ERR: 无法加载模块:Public

[ 2018-04-09T15:52:43+08:00 ] 127.0.0.1 /Public/lib/ionicons/2.2.0/css/ionicons.css
INFO: [ app_init ] --START--
INFO: Run Behavior\BuildLiteBehavior [ RunTime:0.000038s ]
INFO: [ app_init ] --END-- [ RunTime:0.000911s ]
ERR: 无法加载模块:Public

[ 2018-04-09T15:52:49+08:00 ] 127.0.0.1 /Public/lib/ionicons/2.2.0/css/ionicons.css
INFO: [ app_init ] --START--
INFO: Run Behavior\BuildLiteBehavior [ RunTime:0.000024s ]
INFO: [ app_init ] --END-- [ RunTime:0.000767s ]
ERR: 无法加载模块:Public

[ 2018-04-09T15:52:54+08:00 ] 127.0.0.1 /Public/lib/ionicons/2.2.0/css/ionicons.css
INFO: [ app_init ] --START--
INFO: Run Behavior\BuildLiteBehavior [ RunTime:0.000028s ]
INFO: [ app_init ] --END-- [ RunTime:0.000981s ]
ERR: 无法加载模块:Public

[ 2018-04-09T15:53:00+08:00 ] 127.0.0.1 /Public/lib/ionicons/2.2.0/css/ionicons.css
INFO: [ app_init ] --START--
INFO: Run Behavior\BuildLiteBehavior [ RunTime:0.000083s ]
INFO: [ app_init ] --END-- [ RunTime:0.001487s ]
ERR: 无法加载模块:Public

[ 2018-04-09T15:54:13+08:00 ] 127.0.0.1 /Public/lib/ionicons/2.2.0/css/ionicons.css
INFO: [ app_init ] --START--
INFO: Run Behavior\BuildLiteBehavior [ RunTime:0.000027s ]
INFO: [ app_init ] --END-- [ RunTime:0.000969s ]
ERR: 无法加载模块:Public

[ 2018-04-09T15:55:21+08:00 ] 127.0.0.1 /Public/lib/ionicons/2.2.0/css/ionicons.css
INFO: [ app_init ] --START--
INFO: Run Behavior\BuildLiteBehavior [ RunTime:0.000028s ]
INFO: [ app_init ] --END-- [ RunTime:0.000874s ]
ERR: 无法加载模块:Public

[ 2018-04-09T15:55:23+08:00 ] 127.0.0.1 /Public/lib/ionicons/2.2.0/css/ionicons.css
INFO: [ app_init ] --START--
INFO: Run Behavior\BuildLiteBehavior [ RunTime:0.000031s ]
INFO: [ app_init ] --END-- [ RunTime:0.001093s ]
ERR: 无法加载模块:Public

[ 2018-04-09T15:55:29+08:00 ] 127.0.0.1 /Public/lib/ionicons/2.2.0/css/ionicons.css
INFO: [ app_init ] --START--
INFO: Run Behavior\BuildLiteBehavior [ RunTime:0.000047s ]
INFO: [ app_init ] --END-- [ RunTime:0.001024s ]
ERR: 无法加载模块:Public

[ 2018-04-09T15:55:34+08:00 ] 127.0.0.1 /Public/lib/ionicons/2.2.0/css/ionicons.css
INFO: [ app_init ] --START--
INFO: Run Behavior\BuildLiteBehavior [ RunTime:0.000024s ]
INFO: [ app_init ] --END-- [ RunTime:0.001069s ]
ERR: 无法加载模块:Public

[ 2018-04-09T15:56:05+08:00 ] 127.0.0.1 /Public/lib/ionicons/2.2.0/css/ionicons.css
INFO: [ app_init ] --START--
INFO: Run Behavior\BuildLiteBehavior [ RunTime:0.000025s ]
INFO: [ app_init ] --END-- [ RunTime:0.000795s ]
ERR: 无法加载模块:Public

[ 2018-04-09T15:56:08+08:00 ] 127.0.0.1 /Public/lib/ionicons/2.2.0/css/ionicons.css
INFO: [ app_init ] --START--
INFO: Run Behavior\BuildLiteBehavior [ RunTime:0.000050s ]
INFO: [ app_init ] --END-- [ RunTime:0.000878s ]
ERR: 无法加载模块:Public

[ 2018-04-09T15:56:22+08:00 ] 127.0.0.1 /Public/lib/ionicons/2.2.0/css/ionicons.css
INFO: [ app_init ] --START--
INFO: Run Behavior\BuildLiteBehavior [ RunTime:0.000027s ]
INFO: [ app_init ] --END-- [ RunTime:0.001173s ]
ERR: 无法加载模块:Public

[ 2018-04-09T15:56:25+08:00 ] 127.0.0.1 /Public/lib/ionicons/2.2.0/css/ionicons.css
INFO: [ app_init ] --START--
INFO: Run Behavior\BuildLiteBehavior [ RunTime:0.000033s ]
INFO: [ app_init ] --END-- [ RunTime:0.001158s ]
ERR: 无法加载模块:Public

[ 2018-04-09T15:58:25+08:00 ] 127.0.0.1 /Public/lib/ionicons/2.2.0/css/ionicons.css
INFO: [ app_init ] --START--
INFO: Run Behavior\BuildLiteBehavior [ RunTime:0.000027s ]
INFO: [ app_init ] --END-- [ RunTime:0.000883s ]
ERR: 无法加载模块:Public

[ 2018-04-09T16:00:11+08:00 ] 127.0.0.1 /Public/lib/ionicons/2.2.0/css/ionicons.css
INFO: [ app_init ] --START--
INFO: Run Behavior\BuildLiteBehavior [ RunTime:0.000088s ]
INFO: [ app_init ] --END-- [ RunTime:0.001190s ]
ERR: 无法加载模块:Public

[ 2018-04-09T16:00:20+08:00 ] 127.0.0.1 /Public/lib/ionicons/2.2.0/css/ionicons.css
INFO: [ app_init ] --START--
INFO: Run Behavior\BuildLiteBehavior [ RunTime:0.000030s ]
INFO: [ app_init ] --END-- [ RunTime:0.001036s ]
ERR: 无法加载模块:Public

[ 2018-04-09T16:00:23+08:00 ] 127.0.0.1 /Public/lib/ionicons/2.2.0/css/ionicons.css
INFO: [ app_init ] --START--
INFO: Run Behavior\BuildLiteBehavior [ RunTime:0.000033s ]
INFO: [ app_init ] --END-- [ RunTime:0.000694s ]
ERR: 无法加载模块:Public

[ 2018-04-09T16:00:29+08:00 ] 127.0.0.1 /Public/lib/ionicons/2.2.0/css/ionicons.css
INFO: [ app_init ] --START--
INFO: Run Behavior\BuildLiteBehavior [ RunTime:0.000060s ]
INFO: [ app_init ] --END-- [ RunTime:0.000944s ]
ERR: 无法加载模块:Public

[ 2018-04-09T16:00:36+08:00 ] 127.0.0.1 /Public/lib/ionicons/2.2.0/css/ionicons.css
INFO: [ app_init ] --START--
INFO: Run Behavior\BuildLiteBehavior [ RunTime:0.000026s ]
INFO: [ app_init ] --END-- [ RunTime:0.001298s ]
ERR: 无法加载模块:Public

[ 2018-04-09T16:02:45+08:00 ] 127.0.0.1 /Public/lib/ionicons/2.2.0/css/ionicons.css
INFO: [ app_init ] --START--
INFO: Run Behavior\BuildLiteBehavior [ RunTime:0.000034s ]
INFO: [ app_init ] --END-- [ RunTime:0.000964s ]
ERR: 无法加载模块:Public

[ 2018-04-09T16:03:19+08:00 ] 127.0.0.1 /Public/lib/ionicons/2.2.0/css/ionicons.css
INFO: [ app_init ] --START--
INFO: Run Behavior\BuildLiteBehavior [ RunTime:0.000024s ]
INFO: [ app_init ] --END-- [ RunTime:0.000786s ]
ERR: 无法加载模块:Public

[ 2018-04-09T16:03:30+08:00 ] 127.0.0.1 /Public/lib/ionicons/2.2.0/css/ionicons.css
INFO: [ app_init ] --START--
INFO: Run Behavior\BuildLiteBehavior [ RunTime:0.000018s ]
INFO: [ app_init ] --END-- [ RunTime:0.000778s ]
ERR: 无法加载模块:Public

[ 2018-04-09T16:03:35+08:00 ] 127.0.0.1 /Public/lib/ionicons/2.2.0/css/ionicons.css
INFO: [ app_init ] --START--
INFO: Run Behavior\BuildLiteBehavior [ RunTime:0.000020s ]
INFO: [ app_init ] --END-- [ RunTime:0.000776s ]
ERR: 无法加载模块:Public

[ 2018-04-09T16:03:44+08:00 ] 127.0.0.1 /Public/lib/ionicons/2.2.0/css/ionicons.css
INFO: [ app_init ] --START--
INFO: Run Behavior\BuildLiteBehavior [ RunTime:0.000024s ]
INFO: [ app_init ] --END-- [ RunTime:0.000773s ]
ERR: 无法加载模块:Public

[ 2018-04-09T16:03:55+08:00 ] 127.0.0.1 /Public/lib/ionicons/2.2.0/css/ionicons.css
INFO: [ app_init ] --START--
INFO: Run Behavior\BuildLiteBehavior [ RunTime:0.000027s ]
INFO: [ app_init ] --END-- [ RunTime:0.001081s ]
ERR: 无法加载模块:Public

[ 2018-04-09T16:04:01+08:00 ] 127.0.0.1 /Public/lib/ionicons/2.2.0/css/ionicons.css
INFO: [ app_init ] --START--
INFO: Run Behavior\BuildLiteBehavior [ RunTime:0.000026s ]
INFO: [ app_init ] --END-- [ RunTime:0.000814s ]
ERR: 无法加载模块:Public

[ 2018-04-09T16:04:05+08:00 ] 127.0.0.1 /Public/lib/ionicons/2.2.0/css/ionicons.css
INFO: [ app_init ] --START--
INFO: Run Behavior\BuildLiteBehavior [ RunTime:0.000030s ]
INFO: [ app_init ] --END-- [ RunTime:0.000845s ]
ERR: 无法加载模块:Public

[ 2018-04-09T16:04:26+08:00 ] 127.0.0.1 /Public/lib/ionicons/2.2.0/css/ionicons.css
INFO: [ app_init ] --START--
INFO: Run Behavior\BuildLiteBehavior [ RunTime:0.000031s ]
INFO: [ app_init ] --END-- [ RunTime:0.000913s ]
ERR: 无法加载模块:Public

[ 2018-04-09T16:04:29+08:00 ] 127.0.0.1 /Public/lib/ionicons/2.2.0/css/ionicons.css
INFO: [ app_init ] --START--
INFO: Run Behavior\BuildLiteBehavior [ RunTime:0.000025s ]
INFO: [ app_init ] --END-- [ RunTime:0.000796s ]
ERR: 无法加载模块:Public

[ 2018-04-09T16:05:26+08:00 ] 127.0.0.1 /Public/lib/ionicons/2.2.0/css/ionicons.css
INFO: [ app_init ] --START--
INFO: Run Behavior\BuildLiteBehavior [ RunTime:0.000016s ]
INFO: [ app_init ] --END-- [ RunTime:0.000563s ]
ERR: 无法加载模块:Public

[ 2018-04-09T16:05:37+08:00 ] 127.0.0.1 /Public/lib/ionicons/2.2.0/css/ionicons.css
INFO: [ app_init ] --START--
INFO: Run Behavior\BuildLiteBehavior [ RunTime:0.000018s ]
INFO: [ app_init ] --END-- [ RunTime:0.000743s ]
ERR: 无法加载模块:Public

[ 2018-04-09T16:07:34+08:00 ] 127.0.0.1 /Public/lib/ionicons/2.2.0/css/ionicons.css
INFO: [ app_init ] --START--
INFO: Run Behavior\BuildLiteBehavior [ RunTime:0.000022s ]
INFO: [ app_init ] --END-- [ RunTime:0.000775s ]
ERR: 无法加载模块:Public

[ 2018-04-09T16:07:38+08:00 ] 127.0.0.1 /Public/lib/ionicons/2.2.0/css/ionicons.css
INFO: [ app_init ] --START--
INFO: Run Behavior\BuildLiteBehavior [ RunTime:0.000048s ]
INFO: [ app_init ] --END-- [ RunTime:0.000621s ]
ERR: 无法加载模块:Public

[ 2018-04-09T16:08:03+08:00 ] 127.0.0.1 /Public/lib/ionicons/2.2.0/css/ionicons.css
INFO: [ app_init ] --START--
INFO: Run Behavior\BuildLiteBehavior [ RunTime:0.000075s ]
INFO: [ app_init ] --END-- [ RunTime:0.002933s ]
ERR: 无法加载模块:Public

[ 2018-04-09T16:08:54+08:00 ] 127.0.0.1 /Public/lib/ionicons/2.2.0/css/ionicons.css
INFO: [ app_init ] --START--
INFO: Run Behavior\BuildLiteBehavior [ RunTime:0.000028s ]
INFO: [ app_init ] --END-- [ RunTime:0.001334s ]
ERR: 无法加载模块:Public

[ 2018-04-09T16:09:32+08:00 ] 127.0.0.1 /Public/lib/ionicons/2.2.0/css/ionicons.css
INFO: [ app_init ] --START--
INFO: Run Behavior\BuildLiteBehavior [ RunTime:0.000027s ]
INFO: [ app_init ] --END-- [ RunTime:0.001249s ]
ERR: 无法加载模块:Public

[ 2018-04-09T16:09:55+08:00 ] 127.0.0.1 /Public/lib/ionicons/2.2.0/css/ionicons.css
INFO: [ app_init ] --START--
INFO: Run Behavior\BuildLiteBehavior [ RunTime:0.000025s ]
INFO: [ app_init ] --END-- [ RunTime:0.001418s ]
ERR: 无法加载模块:Public

[ 2018-04-09T16:11:23+08:00 ] 127.0.0.1 /Public/lib/ionicons/2.2.0/css/ionicons.css
INFO: [ app_init ] --START--
INFO: Run Behavior\BuildLiteBehavior [ RunTime:0.000028s ]
INFO: [ app_init ] --END-- [ RunTime:0.000808s ]
ERR: 无法加载模块:Public

[ 2018-04-09T16:11:27+08:00 ] 127.0.0.1 /Public/lib/ionicons/2.2.0/css/ionicons.css
INFO: [ app_init ] --START--
INFO: Run Behavior\BuildLiteBehavior [ RunTime:0.000027s ]
INFO: [ app_init ] --END-- [ RunTime:0.000975s ]
ERR: 无法加载模块:Public

[ 2018-04-09T16:11:36+08:00 ] 127.0.0.1 /Public/lib/ionicons/2.2.0/css/ionicons.css
INFO: [ app_init ] --START--
INFO: Run Behavior\BuildLiteBehavior [ RunTime:0.000031s ]
INFO: [ app_init ] --END-- [ RunTime:0.001216s ]
ERR: 无法加载模块:Public

[ 2018-04-09T16:11:39+08:00 ] 127.0.0.1 /Public/lib/ionicons/2.2.0/css/ionicons.css
INFO: [ app_init ] --START--
INFO: Run Behavior\BuildLiteBehavior [ RunTime:0.000027s ]
INFO: [ app_init ] --END-- [ RunTime:0.000846s ]
ERR: 无法加载模块:Public

[ 2018-04-09T16:11:45+08:00 ] 127.0.0.1 /Public/lib/ionicons/2.2.0/css/ionicons.css
INFO: [ app_init ] --START--
INFO: Run Behavior\BuildLiteBehavior [ RunTime:0.000029s ]
INFO: [ app_init ] --END-- [ RunTime:0.000922s ]
ERR: 无法加载模块:Public

[ 2018-04-09T16:11:49+08:00 ] 127.0.0.1 /Public/lib/ionicons/2.2.0/css/ionicons.css
INFO: [ app_init ] --START--
INFO: Run Behavior\BuildLiteBehavior [ RunTime:0.000025s ]
INFO: [ app_init ] --END-- [ RunTime:0.000766s ]
ERR: 无法加载模块:Public

[ 2018-04-09T16:11:52+08:00 ] 127.0.0.1 /Public/lib/ionicons/2.2.0/css/ionicons.css
INFO: [ app_init ] --START--
INFO: Run Behavior\BuildLiteBehavior [ RunTime:0.000028s ]
INFO: [ app_init ] --END-- [ RunTime:0.000682s ]
ERR: 无法加载模块:Public

[ 2018-04-09T16:12:43+08:00 ] 127.0.0.1 /Public/lib/ionicons/2.2.0/css/ionicons.css
INFO: [ app_init ] --START--
INFO: Run Behavior\BuildLiteBehavior [ RunTime:0.000032s ]
INFO: [ app_init ] --END-- [ RunTime:0.001632s ]
ERR: 无法加载模块:Public

[ 2018-04-09T16:13:32+08:00 ] 127.0.0.1 /Public/lib/ionicons/2.2.0/css/ionicons.css
INFO: [ app_init ] --START--
INFO: Run Behavior\BuildLiteBehavior [ RunTime:0.000025s ]
INFO: [ app_init ] --END-- [ RunTime:0.000823s ]
ERR: 无法加载模块:Public

[ 2018-04-09T16:13:48+08:00 ] 127.0.0.1 /Public/lib/ionicons/2.2.0/css/ionicons.css
INFO: [ app_init ] --START--
INFO: Run Behavior\BuildLiteBehavior [ RunTime:0.000029s ]
INFO: [ app_init ] --END-- [ RunTime:0.000929s ]
ERR: 无法加载模块:Public

[ 2018-04-09T16:14:20+08:00 ] 127.0.0.1 /Public/lib/ionicons/2.2.0/css/ionicons.css
INFO: [ app_init ] --START--
INFO: Run Behavior\BuildLiteBehavior [ RunTime:0.000041s ]
INFO: [ app_init ] --END-- [ RunTime:0.001768s ]
ERR: 无法加载模块:Public

[ 2018-04-09T16:14:38+08:00 ] 127.0.0.1 /Public/lib/ionicons/2.2.0/css/ionicons.css
INFO: [ app_init ] --START--
INFO: Run Behavior\BuildLiteBehavior [ RunTime:0.000030s ]
INFO: [ app_init ] --END-- [ RunTime:0.001368s ]
ERR: 无法加载模块:Public

[ 2018-04-09T16:14:46+08:00 ] 127.0.0.1 /Public/lib/ionicons/2.2.0/css/ionicons.css
INFO: [ app_init ] --START--
INFO: Run Behavior\BuildLiteBehavior [ RunTime:0.000027s ]
INFO: [ app_init ] --END-- [ RunTime:0.001905s ]
ERR: 无法加载模块:Public

[ 2018-04-09T16:14:48+08:00 ] 127.0.0.1 /Public/lib/ionicons/2.2.0/css/ionicons.css
INFO: [ app_init ] --START--
INFO: Run Behavior\BuildLiteBehavior [ RunTime:0.000023s ]
INFO: [ app_init ] --END-- [ RunTime:0.000740s ]
ERR: 无法加载模块:Public

[ 2018-04-09T16:15:19+08:00 ] 127.0.0.1 /Public/lib/ionicons/2.2.0/css/ionicons.css
INFO: [ app_init ] --START--
INFO: Run Behavior\BuildLiteBehavior [ RunTime:0.000028s ]
INFO: [ app_init ] --END-- [ RunTime:0.002032s ]
ERR: 无法加载模块:Public

[ 2018-04-09T16:15:39+08:00 ] 127.0.0.1 /Public/lib/ionicons/2.2.0/css/ionicons.css
INFO: [ app_init ] --START--
INFO: Run Behavior\BuildLiteBehavior [ RunTime:0.000027s ]
INFO: [ app_init ] --END-- [ RunTime:0.000797s ]
ERR: 无法加载模块:Public

[ 2018-04-09T16:15:43+08:00 ] 127.0.0.1 /Public/lib/ionicons/2.2.0/css/ionicons.css
INFO: [ app_init ] --START--
INFO: Run Behavior\BuildLiteBehavior [ RunTime:0.000029s ]
INFO: [ app_init ] --END-- [ RunTime:0.000853s ]
ERR: 无法加载模块:Public

[ 2018-04-09T16:15:49+08:00 ] 127.0.0.1 /Public/lib/ionicons/2.2.0/css/ionicons.css
INFO: [ app_init ] --START--
INFO: Run Behavior\BuildLiteBehavior [ RunTime:0.000035s ]
INFO: [ app_init ] --END-- [ RunTime:0.000893s ]
ERR: 无法加载模块:Public

[ 2018-04-09T16:15:51+08:00 ] 127.0.0.1 /Public/lib/ionicons/2.2.0/css/ionicons.css
INFO: [ app_init ] --START--
INFO: Run Behavior\BuildLiteBehavior [ RunTime:0.000030s ]
INFO: [ app_init ] --END-- [ RunTime:0.001346s ]
ERR: 无法加载模块:Public

[ 2018-04-09T16:15:55+08:00 ] 127.0.0.1 /Public/lib/ionicons/2.2.0/css/ionicons.css
INFO: [ app_init ] --START--
INFO: Run Behavior\BuildLiteBehavior [ RunTime:0.000041s ]
INFO: [ app_init ] --END-- [ RunTime:0.001827s ]
ERR: 无法加载模块:Public

[ 2018-04-09T16:16:05+08:00 ] 127.0.0.1 /Public/lib/ionicons/2.2.0/css/ionicons.css
INFO: [ app_init ] --START--
INFO: Run Behavior\BuildLiteBehavior [ RunTime:0.000029s ]
INFO: [ app_init ] --END-- [ RunTime:0.000881s ]
ERR: 无法加载模块:Public

[ 2018-04-09T16:17:02+08:00 ] 127.0.0.1 /Public/lib/ionicons/2.2.0/css/ionicons.css
INFO: [ app_init ] --START--
INFO: Run Behavior\BuildLiteBehavior [ RunTime:0.000027s ]
INFO: [ app_init ] --END-- [ RunTime:0.001074s ]
ERR: 无法加载模块:Public

[ 2018-04-09T16:17:06+08:00 ] 127.0.0.1 /Public/lib/ionicons/2.2.0/css/ionicons.css
INFO: [ app_init ] --START--
INFO: Run Behavior\BuildLiteBehavior [ RunTime:0.000028s ]
INFO: [ app_init ] --END-- [ RunTime:0.002098s ]
ERR: 无法加载模块:Public

[ 2018-04-09T16:17:40+08:00 ] 127.0.0.1 /Public/lib/ionicons/2.2.0/css/ionicons.css
INFO: [ app_init ] --START--
INFO: Run Behavior\BuildLiteBehavior [ RunTime:0.000016s ]
INFO: [ app_init ] --END-- [ RunTime:0.000556s ]
ERR: 无法加载模块:Public

[ 2018-04-09T16:17:42+08:00 ] 127.0.0.1 /Public/lib/ionicons/2.2.0/css/ionicons.css
INFO: [ app_init ] --START--
INFO: Run Behavior\BuildLiteBehavior [ RunTime:0.000133s ]
INFO: [ app_init ] --END-- [ RunTime:0.001481s ]
ERR: 无法加载模块:Public

[ 2018-04-09T16:17:45+08:00 ] 127.0.0.1 /Public/lib/ionicons/2.2.0/css/ionicons.css
INFO: [ app_init ] --START--
INFO: Run Behavior\BuildLiteBehavior [ RunTime:0.000024s ]
INFO: [ app_init ] --END-- [ RunTime:0.001068s ]
ERR: 无法加载模块:Public

[ 2018-04-09T16:18:28+08:00 ] 127.0.0.1 /Public/lib/ionicons/2.2.0/css/ionicons.css
INFO: [ app_init ] --START--
INFO: Run Behavior\BuildLiteBehavior [ RunTime:0.000024s ]
INFO: [ app_init ] --END-- [ RunTime:0.000751s ]
ERR: 无法加载模块:Public

[ 2018-04-09T16:33:13+08:00 ] 127.0.0.1 /Public/lib/ionicons/2.2.0/css/ionicons.css
INFO: [ app_init ] --START--
INFO: Run Behavior\BuildLiteBehavior [ RunTime:0.000031s ]
INFO: [ app_init ] --END-- [ RunTime:0.002676s ]
ERR: 无法加载模块:Public

[ 2018-04-09T16:33:17+08:00 ] 127.0.0.1 /Public/lib/ionicons/2.2.0/css/ionicons.css
INFO: [ app_init ] --START--
INFO: Run Behavior\BuildLiteBehavior [ RunTime:0.000033s ]
INFO: [ app_init ] --END-- [ RunTime:0.000976s ]
ERR: 无法加载模块:Public

[ 2018-04-09T16:35:37+08:00 ] 127.0.0.1 /Public/lib/ionicons/2.2.0/css/ionicons.css
INFO: [ app_init ] --START--
INFO: Run Behavior\BuildLiteBehavior [ RunTime:0.000028s ]
INFO: [ app_init ] --END-- [ RunTime:0.000994s ]
ERR: 无法加载模块:Public

[ 2018-04-09T16:37:36+08:00 ] 127.0.0.1 /Public/lib/ionicons/2.2.0/css/ionicons.css
INFO: [ app_init ] --START--
INFO: Run Behavior\BuildLiteBehavior [ RunTime:0.002282s ]
INFO: [ app_init ] --END-- [ RunTime:0.003795s ]
ERR: 无法加载模块:Public

[ 2018-04-09T16:41:06+08:00 ] 127.0.0.1 /Public/lib/ionicons/2.2.0/css/ionicons.css
INFO: [ app_init ] --START--
INFO: Run Behavior\BuildLiteBehavior [ RunTime:0.000023s ]
INFO: [ app_init ] --END-- [ RunTime:0.000849s ]
ERR: 无法加载模块:Public

[ 2018-04-09T16:43:31+08:00 ] 127.0.0.1 /Public/lib/ionicons/2.2.0/css/ionicons.css
INFO: [ app_init ] --START--
INFO: Run Behavior\BuildLiteBehavior [ RunTime:0.000023s ]
INFO: [ app_init ] --END-- [ RunTime:0.000817s ]
ERR: 无法加载模块:Public

[ 2018-04-09T16:43:51+08:00 ] 127.0.0.1 /Public/lib/ionicons/2.2.0/css/ionicons.css
INFO: [ app_init ] --START--
INFO: Run Behavior\BuildLiteBehavior [ RunTime:0.000029s ]
INFO: [ app_init ] --END-- [ RunTime:0.000973s ]
ERR: 无法加载模块:Public

[ 2018-04-09T16:44:08+08:00 ] 127.0.0.1 /Public/lib/ionicons/2.2.0/css/ionicons.css
INFO: [ app_init ] --START--
INFO: Run Behavior\BuildLiteBehavior [ RunTime:0.000080s ]
INFO: [ app_init ] --END-- [ RunTime:0.001133s ]
ERR: 无法加载模块:Public

[ 2018-04-09T16:44:21+08:00 ] 127.0.0.1 /Public/lib/ionicons/2.2.0/css/ionicons.css
INFO: [ app_init ] --START--
INFO: Run Behavior\BuildLiteBehavior [ RunTime:0.000026s ]
INFO: [ app_init ] --END-- [ RunTime:0.000851s ]
ERR: 无法加载模块:Public

[ 2018-04-09T16:44:24+08:00 ] 127.0.0.1 /Public/lib/ionicons/2.2.0/css/ionicons.css
INFO: [ app_init ] --START--
INFO: Run Behavior\BuildLiteBehavior [ RunTime:0.000026s ]
INFO: [ app_init ] --END-- [ RunTime:0.000785s ]
ERR: 无法加载模块:Public

[ 2018-04-09T16:46:09+08:00 ] 127.0.0.1 /Public/lib/ionicons/2.2.0/css/ionicons.css
INFO: [ app_init ] --START--
INFO: Run Behavior\BuildLiteBehavior [ RunTime:0.000026s ]
INFO: [ app_init ] --END-- [ RunTime:0.000825s ]
ERR: 无法加载模块:Public

[ 2018-04-09T16:46:19+08:00 ] 127.0.0.1 /Public/lib/ionicons/2.2.0/css/ionicons.css
INFO: [ app_init ] --START--
INFO: Run Behavior\BuildLiteBehavior [ RunTime:0.000036s ]
INFO: [ app_init ] --END-- [ RunTime:0.000961s ]
ERR: 无法加载模块:Public

[ 2018-04-09T16:46:23+08:00 ] 127.0.0.1 /Public/lib/ionicons/2.2.0/css/ionicons.css
INFO: [ app_init ] --START--
INFO: Run Behavior\BuildLiteBehavior [ RunTime:0.000037s ]
INFO: [ app_init ] --END-- [ RunTime:0.001362s ]
ERR: 无法加载模块:Public

[ 2018-04-09T16:46:25+08:00 ] 127.0.0.1 /Public/lib/ionicons/2.2.0/css/ionicons.css
INFO: [ app_init ] --START--
INFO: Run Behavior\BuildLiteBehavior [ RunTime:0.000033s ]
INFO: [ app_init ] --END-- [ RunTime:0.000950s ]
ERR: 无法加载模块:Public

[ 2018-04-09T16:50:13+08:00 ] 127.0.0.1 /Public/lib/ionicons/2.2.0/css/ionicons.css
INFO: [ app_init ] --START--
INFO: Run Behavior\BuildLiteBehavior [ RunTime:0.000034s ]
INFO: [ app_init ] --END-- [ RunTime:0.001332s ]
ERR: 无法加载模块:Public

[ 2018-04-09T16:52:02+08:00 ] 127.0.0.1 /Public/lib/ionicons/2.2.0/css/ionicons.css
INFO: [ app_init ] --START--
INFO: Run Behavior\BuildLiteBehavior [ RunTime:0.000023s ]
INFO: [ app_init ] --END-- [ RunTime:0.000695s ]
ERR: 无法加载模块:Public

[ 2018-04-09T16:52:15+08:00 ] 127.0.0.1 /Public/lib/ionicons/2.2.0/css/ionicons.css
INFO: [ app_init ] --START--
INFO: Run Behavior\BuildLiteBehavior [ RunTime:0.000027s ]
INFO: [ app_init ] --END-- [ RunTime:0.001018s ]
ERR: 无法加载模块:Public

[ 2018-04-09T16:52:43+08:00 ] 127.0.0.1 /Public/lib/ionicons/2.2.0/css/ionicons.css
INFO: [ app_init ] --START--
INFO: Run Behavior\BuildLiteBehavior [ RunTime:0.000034s ]
INFO: [ app_init ] --END-- [ RunTime:0.001415s ]
ERR: 无法加载模块:Public

[ 2018-04-09T16:52:53+08:00 ] 127.0.0.1 /Public/lib/ionicons/2.2.0/css/ionicons.css
INFO: [ app_init ] --START--
INFO: Run Behavior\BuildLiteBehavior [ RunTime:0.000029s ]
INFO: [ app_init ] --END-- [ RunTime:0.000857s ]
ERR: 无法加载模块:Public

[ 2018-04-09T16:53:08+08:00 ] 127.0.0.1 /Public/lib/ionicons/2.2.0/css/ionicons.css
INFO: [ app_init ] --START--
INFO: Run Behavior\BuildLiteBehavior [ RunTime:0.000025s ]
INFO: [ app_init ] --END-- [ RunTime:0.000740s ]
ERR: 无法加载模块:Public

[ 2018-04-09T16:58:28+08:00 ] 127.0.0.1 /Public/lib/ionicons/2.2.0/css/ionicons.css
INFO: [ app_init ] --START--
INFO: Run Behavior\BuildLiteBehavior [ RunTime:0.000029s ]
INFO: [ app_init ] --END-- [ RunTime:0.000914s ]
ERR: 无法加载模块:Public

[ 2018-04-09T17:01:12+08:00 ] 127.0.0.1 /Public/lib/ionicons/2.2.0/css/ionicons.css
INFO: [ app_init ] --START--
INFO: Run Behavior\BuildLiteBehavior [ RunTime:0.000024s ]
INFO: [ app_init ] --END-- [ RunTime:0.001638s ]
ERR: 无法加载模块:Public

